<?xml version="1.0" encoding="UTF-8"?>
<!-- Generated by org.testng.reporters.JUnitXMLReporter -->
<testsuite ignored="0" hostname="LTIN508663" failures="3" tests="3" name="Test" time="12.055" errors="0" timestamp="2024-11-08T19:39:46 IST">
  <testcase classname="io.cucumber.testng.AbstractTestNGCucumberTests" name="runScenario" time="3.825">
    <failure type="org.openqa.selenium.SessionNotCreatedException" message="Could not start a new session. Response code 500. Message: session not created: Microsoft Edge failed to start: crashed.
  (session not created: DevToolsActivePort file doesn&amp;apos;t exist)
  (The process started from msedge location C:\Program Files (x86)\Microsoft\Edge\Application\msedge.exe is no longer running, so msedgedriver is assuming that msedge has crashed.) 
Host info: host: &amp;apos;LTIN508663&amp;apos;, ip: &amp;apos;192.168.0.101&amp;apos;
Build info: version: &amp;apos;4.25.0&amp;apos;, revision: &amp;apos;8a8aea2337&amp;apos;
System info: os.name: &amp;apos;Windows 11&amp;apos;, os.arch: &amp;apos;amd64&amp;apos;, os.version: &amp;apos;10.0&amp;apos;, java.version: &amp;apos;21&amp;apos;
Driver info: org.openqa.selenium.edge.EdgeDriver
Command: [null, newSession {capabilities=[Capabilities {browserName: MicrosoftEdge, ms:edgeOptions: {args: [start-maximized, disable-infobars, no-sandbox, disable-dev-shm-usage, --incognito, --disable-notifications, --disable-popup-blocking], binary: C:\Program Files (x86)\Micr..., excludeSwitches: [enable-automation], extensions: []}}]}]">
      <![CDATA[org.openqa.selenium.SessionNotCreatedException: Could not start a new session. Response code 500. Message: session not created: Microsoft Edge failed to start: crashed.
  (session not created: DevToolsActivePort file doesn't exist)
  (The process started from msedge location C:\Program Files (x86)\Microsoft\Edge\Application\msedge.exe is no longer running, so msedgedriver is assuming that msedge has crashed.) 
Host info: host: 'LTIN508663', ip: '192.168.0.101'
Build info: version: '4.25.0', revision: '8a8aea2337'
System info: os.name: 'Windows 11', os.arch: 'amd64', os.version: '10.0', java.version: '21'
Driver info: org.openqa.selenium.edge.EdgeDriver
Command: [null, newSession {capabilities=[Capabilities {browserName: MicrosoftEdge, ms:edgeOptions: {args: [start-maximized, disable-infobars, no-sandbox, disable-dev-shm-usage, --incognito, --disable-notifications, --disable-popup-blocking], binary: C:\Program Files (x86)\Micr..., excludeSwitches: [enable-automation], extensions: []}}]}]
at org.openqa.selenium.remote.ProtocolHandshake.createSession(ProtocolHandshake.java:114)
at org.openqa.selenium.remote.ProtocolHandshake.createSession(ProtocolHandshake.java:75)
at org.openqa.selenium.remote.ProtocolHandshake.createSession(ProtocolHandshake.java:61)
at org.openqa.selenium.remote.HttpCommandExecutor.execute(HttpCommandExecutor.java:162)
at org.openqa.selenium.remote.service.DriverCommandExecutor.invokeExecute(DriverCommandExecutor.java:216)
at org.openqa.selenium.remote.service.DriverCommandExecutor.execute(DriverCommandExecutor.java:174)
at org.openqa.selenium.remote.RemoteWebDriver.execute(RemoteWebDriver.java:545)
at org.openqa.selenium.remote.RemoteWebDriver.startSession(RemoteWebDriver.java:245)
at org.openqa.selenium.remote.RemoteWebDriver.<init>(RemoteWebDriver.java:174)
at org.openqa.selenium.chromium.ChromiumDriver.<init>(ChromiumDriver.java:114)
at org.openqa.selenium.edge.EdgeDriver.<init>(EdgeDriver.java:60)
at org.openqa.selenium.edge.EdgeDriver.<init>(EdgeDriver.java:56)
at org.openqa.selenium.edge.EdgeDriver.<init>(EdgeDriver.java:48)
at factory.BaseClass.initilizeBrowser(BaseClass.java:86)
at stepDefinitions.Hooks.setup(Hooks.java:28)
]]>
    </failure>
  </testcase> <!-- runScenario -->
  <testcase classname="io.cucumber.testng.AbstractTestNGCucumberTests" name="runScenario" time="2.021">
    <failure type="org.openqa.selenium.SessionNotCreatedException" message="Could not start a new session. Response code 500. Message: session not created: Microsoft Edge failed to start: crashed.
  (session not created: DevToolsActivePort file doesn&amp;apos;t exist)
  (The process started from msedge location C:\Program Files (x86)\Microsoft\Edge\Application\msedge.exe is no longer running, so msedgedriver is assuming that msedge has crashed.) 
Host info: host: &amp;apos;LTIN508663&amp;apos;, ip: &amp;apos;192.168.0.101&amp;apos;
Build info: version: &amp;apos;4.25.0&amp;apos;, revision: &amp;apos;8a8aea2337&amp;apos;
System info: os.name: &amp;apos;Windows 11&amp;apos;, os.arch: &amp;apos;amd64&amp;apos;, os.version: &amp;apos;10.0&amp;apos;, java.version: &amp;apos;21&amp;apos;
Driver info: org.openqa.selenium.edge.EdgeDriver
Command: [null, newSession {capabilities=[Capabilities {browserName: MicrosoftEdge, ms:edgeOptions: {args: [start-maximized, disable-infobars, no-sandbox, disable-dev-shm-usage, --incognito, --disable-notifications, --disable-popup-blocking], binary: C:\Program Files (x86)\Micr..., excludeSwitches: [enable-automation], extensions: []}}]}]">
      <![CDATA[org.openqa.selenium.SessionNotCreatedException: Could not start a new session. Response code 500. Message: session not created: Microsoft Edge failed to start: crashed.
  (session not created: DevToolsActivePort file doesn't exist)
  (The process started from msedge location C:\Program Files (x86)\Microsoft\Edge\Application\msedge.exe is no longer running, so msedgedriver is assuming that msedge has crashed.) 
Host info: host: 'LTIN508663', ip: '192.168.0.101'
Build info: version: '4.25.0', revision: '8a8aea2337'
System info: os.name: 'Windows 11', os.arch: 'amd64', os.version: '10.0', java.version: '21'
Driver info: org.openqa.selenium.edge.EdgeDriver
Command: [null, newSession {capabilities=[Capabilities {browserName: MicrosoftEdge, ms:edgeOptions: {args: [start-maximized, disable-infobars, no-sandbox, disable-dev-shm-usage, --incognito, --disable-notifications, --disable-popup-blocking], binary: C:\Program Files (x86)\Micr..., excludeSwitches: [enable-automation], extensions: []}}]}]
at org.openqa.selenium.remote.ProtocolHandshake.createSession(ProtocolHandshake.java:114)
at org.openqa.selenium.remote.ProtocolHandshake.createSession(ProtocolHandshake.java:75)
at org.openqa.selenium.remote.ProtocolHandshake.createSession(ProtocolHandshake.java:61)
at org.openqa.selenium.remote.HttpCommandExecutor.execute(HttpCommandExecutor.java:162)
at org.openqa.selenium.remote.service.DriverCommandExecutor.invokeExecute(DriverCommandExecutor.java:216)
at org.openqa.selenium.remote.service.DriverCommandExecutor.execute(DriverCommandExecutor.java:174)
at org.openqa.selenium.remote.RemoteWebDriver.execute(RemoteWebDriver.java:545)
at org.openqa.selenium.remote.RemoteWebDriver.startSession(RemoteWebDriver.java:245)
at org.openqa.selenium.remote.RemoteWebDriver.<init>(RemoteWebDriver.java:174)
at org.openqa.selenium.chromium.ChromiumDriver.<init>(ChromiumDriver.java:114)
at org.openqa.selenium.edge.EdgeDriver.<init>(EdgeDriver.java:60)
at org.openqa.selenium.edge.EdgeDriver.<init>(EdgeDriver.java:56)
at org.openqa.selenium.edge.EdgeDriver.<init>(EdgeDriver.java:48)
at factory.BaseClass.initilizeBrowser(BaseClass.java:86)
at stepDefinitions.Hooks.setup(Hooks.java:28)
]]>
    </failure>
  </testcase> <!-- runScenario -->
  <testcase classname="io.cucumber.testng.AbstractTestNGCucumberTests" name="runScenario" time="1.965">
    <failure type="org.openqa.selenium.SessionNotCreatedException" message="Could not start a new session. Response code 500. Message: session not created: Microsoft Edge failed to start: crashed.
  (session not created: DevToolsActivePort file doesn&amp;apos;t exist)
  (The process started from msedge location C:\Program Files (x86)\Microsoft\Edge\Application\msedge.exe is no longer running, so msedgedriver is assuming that msedge has crashed.) 
Host info: host: &amp;apos;LTIN508663&amp;apos;, ip: &amp;apos;192.168.0.101&amp;apos;
Build info: version: &amp;apos;4.25.0&amp;apos;, revision: &amp;apos;8a8aea2337&amp;apos;
System info: os.name: &amp;apos;Windows 11&amp;apos;, os.arch: &amp;apos;amd64&amp;apos;, os.version: &amp;apos;10.0&amp;apos;, java.version: &amp;apos;21&amp;apos;
Driver info: org.openqa.selenium.edge.EdgeDriver
Command: [null, newSession {capabilities=[Capabilities {browserName: MicrosoftEdge, ms:edgeOptions: {args: [start-maximized, disable-infobars, no-sandbox, disable-dev-shm-usage, --incognito, --disable-notifications, --disable-popup-blocking], binary: C:\Program Files (x86)\Micr..., excludeSwitches: [enable-automation], extensions: []}}]}]">
      <![CDATA[org.openqa.selenium.SessionNotCreatedException: Could not start a new session. Response code 500. Message: session not created: Microsoft Edge failed to start: crashed.
  (session not created: DevToolsActivePort file doesn't exist)
  (The process started from msedge location C:\Program Files (x86)\Microsoft\Edge\Application\msedge.exe is no longer running, so msedgedriver is assuming that msedge has crashed.) 
Host info: host: 'LTIN508663', ip: '192.168.0.101'
Build info: version: '4.25.0', revision: '8a8aea2337'
System info: os.name: 'Windows 11', os.arch: 'amd64', os.version: '10.0', java.version: '21'
Driver info: org.openqa.selenium.edge.EdgeDriver
Command: [null, newSession {capabilities=[Capabilities {browserName: MicrosoftEdge, ms:edgeOptions: {args: [start-maximized, disable-infobars, no-sandbox, disable-dev-shm-usage, --incognito, --disable-notifications, --disable-popup-blocking], binary: C:\Program Files (x86)\Micr..., excludeSwitches: [enable-automation], extensions: []}}]}]
at org.openqa.selenium.remote.ProtocolHandshake.createSession(ProtocolHandshake.java:114)
at org.openqa.selenium.remote.ProtocolHandshake.createSession(ProtocolHandshake.java:75)
at org.openqa.selenium.remote.ProtocolHandshake.createSession(ProtocolHandshake.java:61)
at org.openqa.selenium.remote.HttpCommandExecutor.execute(HttpCommandExecutor.java:162)
at org.openqa.selenium.remote.service.DriverCommandExecutor.invokeExecute(DriverCommandExecutor.java:216)
at org.openqa.selenium.remote.service.DriverCommandExecutor.execute(DriverCommandExecutor.java:174)
at org.openqa.selenium.remote.RemoteWebDriver.execute(RemoteWebDriver.java:545)
at org.openqa.selenium.remote.RemoteWebDriver.startSession(RemoteWebDriver.java:245)
at org.openqa.selenium.remote.RemoteWebDriver.<init>(RemoteWebDriver.java:174)
at org.openqa.selenium.chromium.ChromiumDriver.<init>(ChromiumDriver.java:114)
at org.openqa.selenium.edge.EdgeDriver.<init>(EdgeDriver.java:60)
at org.openqa.selenium.edge.EdgeDriver.<init>(EdgeDriver.java:56)
at org.openqa.selenium.edge.EdgeDriver.<init>(EdgeDriver.java:48)
at factory.BaseClass.initilizeBrowser(BaseClass.java:86)
at stepDefinitions.Hooks.setup(Hooks.java:28)
]]>
    </failure>
  </testcase> <!-- runScenario -->
</testsuite> <!-- Test -->
