<?xml version="1.0" encoding="UTF-8"?>
<testsuite xmlns:xsi="http://www.w3.org/2001/XMLSchema-instance" xsi:noNamespaceSchemaLocation="https://maven.apache.org/surefire/maven-surefire-plugin/xsd/surefire-test-report-3.0.xsd" version="3.0" name="TestSuite" time="61.997" tests="3" errors="0" skipped="0" failures="0">
  <properties>
[...]
</properties>
  <testcase name="runScenario[&quot;View upcoming Honda bikes under 4Lac on ZigWheels&quot;, &quot;Display upcoming Honda bikes under 4Lac in India on ZigWheels&quot;](1)" classname="testRunner.TestRunner" time="25.365">
    <system-out><![CDATA[
@regression
Scenario: View upcoming Honda bikes under 4Lac on ZigWheels                             # Features/UpcomingHondaBikes.feature:7
  Given the user is on the ZigWheels website                                            # stepDefinitions.UpcomingHondaBikes.the_user_is_on_the_zig_wheels_website()

    Embedding ViewupcomingHondabikesunder4LaconZigWheels_Success [image/png 723680 bytes]

  When the user hovers over the New Bikes section                                       # stepDefinitions.UpcomingHondaBikes.the_user_hovers_over_the_section()

    Embedding ViewupcomingHondabikesunder4LaconZigWheels_Success [image/png 563662 bytes]

  And the user selects Upcoming Bikes from the dropdown                                 # stepDefinitions.UpcomingHondaBikes.the_user_selects_upcoming_bikes_from_the_dropdown()

    Embedding ViewupcomingHondabikesunder4LaconZigWheels_Success [image/png 192261 bytes]

  And the user sets the filter Manufacturer to Honda                                    # stepDefinitions.UpcomingHondaBikes.the_user_sets_the_filter_manufacturer_to_honda()

    Embedding ViewupcomingHondabikesunder4LaconZigWheels_Success [image/png 199369 bytes]

  And the user clicks on the View More button                                           # stepDefinitions.UpcomingHondaBikes.the_user_clicks_on_the_view_more_button()

    Embedding ViewupcomingHondabikesunder4LaconZigWheels_Success [image/png 226521 bytes]

[Honda CB350 Cruiser, Rs. 2.30 Lakh, Expected Launch : Dec 2024]
[Honda Activa Electric, Rs. 1.00 Lakh, Expected Launch : Mar 2025]
[Honda Activa 7G, Rs. 79,000, Expected Launch : Mar 2025]
[Honda Forza 350, Rs. 3.70 Lakh, Expected Launch : Unrevealed]
[Honda CBR150R, Rs. 1.70 Lakh, Expected Launch : Unrevealed]
[Honda Rebel 300, Rs. 2.30 Lakh, Expected Launch : Unrevealed]
[Honda PCX160, Rs. 1.20 Lakh, Expected Launch : Unrevealed]
[Honda CRF300L, Rs. 3.30 Lakh, Expected Launch : Unrevealed]
  Then the user should filter out the displayed Honda bikes with a price less than 4Lac # stepDefinitions.UpcomingHondaBikes.the_user_should_filter_out_the_displayed_honda_bikes_with_a_price_less_than_4lac()

    Embedding ViewupcomingHondabikesunder4LaconZigWheels_Success [image/png 229141 bytes]

Bike Name List: [Honda CB350 Cruiser, Honda Activa Electric, Honda Activa 7G, Honda Forza 350, Honda CBR150R, Honda Rebel 300, Honda PCX160, Honda CRF300L]
Price List: [Rs. 2.30 Lakh, Rs. 1.00 Lakh, Rs. 79,000, Rs. 3.70 Lakh, Rs. 1.70 Lakh, Rs. 2.30 Lakh, Rs. 1.20 Lakh, Rs. 3.30 Lakh]
Expected Launch Date List: [Dec 2024, Mar 2025, Mar 2025, Unrevealed, Unrevealed, Unrevealed, Unrevealed, Unrevealed]
  And for each bike priced under 4Lac should be added to their respective lists         # stepDefinitions.UpcomingHondaBikes.for_each_bike_priced_under_4lac_should_be_added_to_their_respective_lists()

    Embedding ViewupcomingHondabikesunder4LaconZigWheels_Success [image/png 213446 bytes]

]]></system-out>
  </testcase>
  <testcase name="runScenario[&quot;View popular used car models in Chennai&quot;, &quot;Display popular used car models in Chennai&quot;](2)" classname="testRunner.TestRunner" time="12.063">
    <system-out><![CDATA[
@sanity
Scenario: View popular used car models in Chennai               # Features/UsedCars.feature:7
  Given the user has the car sales website open in the browser  # stepDefinitions.UsedCars.the_user_has_the_car_sales_website_open_in_their_browser()

    Embedding ViewpopularusedcarmodelsinChennai_Success [image/png 768646 bytes]

  When the user hovers over the Used Cars link                  # stepDefinitions.UsedCars.the_user_hovers_over_the_used_cars_link()

    Embedding ViewpopularusedcarmodelsinChennai_Success [image/png 768691 bytes]

  And the user selects Chennai from the dropdown                # stepDefinitions.UsedCars.the_user_selects_chennai_from_the_dropdown()

    Embedding ViewpopularusedcarmodelsinChennai_Success [image/png 317267 bytes]

  And the user scrolls down to the list of popular models       # stepDefinitions.UsedCars.the_user_scrolls_down_to_the_list_of_popular_models()

    Embedding ViewpopularusedcarmodelsinChennai_Success [image/png 317292 bytes]

Maruti 800
Maruti Swift Dzire
Maruti Swift
Hyundai I10
Hyundai Santro Xing
Honda City
Toyota Innova
Toyota Fortuner
Mahindra XUV500
  Then the user should extract all the popular models in a List # stepDefinitions.UsedCars.the_user_should_extract_all_the_popular_models_in_a_list()

    Embedding ViewpopularusedcarmodelsinChennai_Success [image/png 54659 bytes]

[Maruti 800, Maruti Swift Dzire, Maruti Swift, Hyundai I10, Hyundai Santro Xing, Honda City, Toyota Innova, Toyota Fortuner, Mahindra XUV500]
  And the user displays the same in the console                 # stepDefinitions.UsedCars.the_user_displays_the_same_in_the_console()

    Embedding ViewpopularusedcarmodelsinChennai_Success [image/png 70702 bytes]

]]></system-out>
  </testcase>
  <testcase name="runScenario[&quot;Login with invalid Google account details&quot;, &quot;Google Login&quot;](3)" classname="testRunner.TestRunner" time="14.854">
    <system-out><![CDATA[
@regression
Scenario: Login with invalid Google account details                           # Features/ZigWheelsLogin.feature:4
  Given the user has the car sales website open in their browser              # stepDefinitions.LoginSteps.the_user_has_the_car_sales_website_open_in_their_browser()

    Embedding LoginwithinvalidGoogleaccountdetails_Success [image/png 768646 bytes]

  When the user clicks on the login icon                                      # stepDefinitions.LoginSteps.the_user_clicks_on_the_login_icon()

    Embedding LoginwithinvalidGoogleaccountdetails_Success [image/png 410762 bytes]

  And the user clicks on the Google button                                    # stepDefinitions.LoginSteps.the_user_clicks_on_the_google_button()

    Embedding LoginwithinvalidGoogleaccountdetails_Success [image/png 395826 bytes]

23A46B654672A78064259FD9DE81793B
  And the user switches to the new window                                     # stepDefinitions.LoginSteps.the_user_switches_to_the_new_window()

    Embedding LoginwithinvalidGoogleaccountdetails_Success [image/png 48884 bytes]

pqWiB@gmail.com
Couldn’t find your Google Account
iwHhV@xyz
Enter a valid email or phone number

Enter an email or phone number
  And the user enters the emailId and clicks on the Next button               # stepDefinitions.LoginSteps.the_user_enters_the_email_id_and_clicks_on_the_next_button()

    Embedding LoginwithinvalidGoogleaccountdetails_Success [image/png 54984 bytes]

[Couldn’t find your Google Account, Enter a valid email or phone number, Enter an email or phone number]
  Then the system should display an error message and print it in the console # stepDefinitions.LoginSteps.the_system_should_display_an_error_message_and_print_it_in_the_console()

    Embedding LoginwithinvalidGoogleaccountdetails_Success [image/png 55145 bytes]

]]></system-out>
  </testcase>
</testsuite>