<?xml version="1.0" encoding="UTF-8"?>
<testng-results ignored="0" total="3" passed="3" failed="0" skipped="0">
  <reporter-output>
  </reporter-output>
  <suite started-at="2024-11-09T22:02:23 IST" name="Default suite" finished-at="2024-11-09T22:03:40 IST" duration-ms="77369">
    <groups>
      <group name="cucumber">
        <method signature="AbstractTestNGCucumberTests.runScenario(io.cucumber.testng.PickleWrapper,io.cucumber.testng.FeatureWrapper)[pri:0, instance:testRunner.TestRunner@b9b00e0]" name="runScenario" class="io.cucumber.testng.AbstractTestNGCucumberTests"/>
      </group> <!-- cucumber -->
    </groups>
    <test started-at="2024-11-09T22:02:23 IST" name="Default test" finished-at="2024-11-09T22:03:40 IST" duration-ms="77369">
      <class name="testRunner.TestRunner">
        <test-method is-config="true" signature="setUpClass(org.testng.ITestContext)[pri:0, instance:testRunner.TestRunner@b9b00e0]" started-at="2024-11-09T22:02:23 IST" name="setUpClass" finished-at="2024-11-09T22:02:23 IST" duration-ms="703" status="PASS">
          <params>
            <param index="0">
              <value>
                <![CDATA[org.testng.TestRunner@11978f52]]>
              </value>
            </param>
          </params>
          <reporter-output>
          </reporter-output>
        </test-method> <!-- setUpClass -->
        <test-method signature="runScenario(io.cucumber.testng.PickleWrapper,io.cucumber.testng.FeatureWrapper)[pri:0, instance:testRunner.TestRunner@b9b00e0]" started-at="2024-11-09T22:02:23 IST" name="runScenario" description="Runs Cucumber Scenarios" data-provider="scenarios" finished-at="2024-11-09T22:02:59 IST" duration-ms="35575" status="PASS">
          <params>
            <param index="0">
              <value>
                <![CDATA["View upcoming Honda bikes under 4Lac on ZigWheels"]]>
              </value>
            </param>
            <param index="1">
              <value>
                <![CDATA["Display upcoming Honda bikes under 4Lac in India on ZigWheels"]]>
              </value>
            </param>
          </params>
          <reporter-output>
          </reporter-output>
        </test-method> <!-- runScenario -->
        <test-method signature="runScenario(io.cucumber.testng.PickleWrapper,io.cucumber.testng.FeatureWrapper)[pri:0, instance:testRunner.TestRunner@b9b00e0]" started-at="2024-11-09T22:02:59 IST" name="runScenario" description="Runs Cucumber Scenarios" data-provider="scenarios" finished-at="2024-11-09T22:03:10 IST" duration-ms="11649" status="PASS">
          <params>
            <param index="0">
              <value>
                <![CDATA["View popular used car models in Chennai"]]>
              </value>
            </param>
            <param index="1">
              <value>
                <![CDATA["Display popular used car models in Chennai"]]>
              </value>
            </param>
          </params>
          <reporter-output>
          </reporter-output>
        </test-method> <!-- runScenario -->
        <test-method signature="runScenario(io.cucumber.testng.PickleWrapper,io.cucumber.testng.FeatureWrapper)[pri:0, instance:testRunner.TestRunner@b9b00e0]" started-at="2024-11-09T22:03:10 IST" name="runScenario" description="Runs Cucumber Scenarios" data-provider="scenarios" finished-at="2024-11-09T22:03:25 IST" duration-ms="14926" status="PASS">
          <params>
            <param index="0">
              <value>
                <![CDATA["Login with invalid Google account details"]]>
              </value>
            </param>
            <param index="1">
              <value>
                <![CDATA["Google Login"]]>
              </value>
            </param>
          </params>
          <reporter-output>
          </reporter-output>
        </test-method> <!-- runScenario -->
        <test-method is-config="true" signature="tearDownClass()[pri:0, instance:testRunner.TestRunner@b9b00e0]" started-at="2024-11-09T22:03:25 IST" name="tearDownClass" finished-at="2024-11-09T22:03:40 IST" duration-ms="14483" status="PASS">
          <reporter-output>
          </reporter-output>
        </test-method> <!-- tearDownClass -->
      </class> <!-- testRunner.TestRunner -->
    </test> <!-- Default test -->
  </suite> <!-- Default suite -->
</testng-results>
