<?xml version="1.0" encoding="UTF-8"?>
<testng-results ignored="0" total="3" passed="3" failed="0" skipped="0">
  <reporter-output>
  </reporter-output>
  <suite started-at="2024-11-08T09:48:22 IST" name="Default suite" finished-at="2024-11-08T09:50:15 IST" duration-ms="112998">
    <groups>
      <group name="cucumber">
        <method signature="AbstractTestNGCucumberTests.runScenario(io.cucumber.testng.PickleWrapper,io.cucumber.testng.FeatureWrapper)[pri:0, instance:testRunner.TestRunner@b9b00e0]" name="runScenario" class="io.cucumber.testng.AbstractTestNGCucumberTests"/>
      </group> <!-- cucumber -->
    </groups>
    <test started-at="2024-11-08T09:48:22 IST" name="Default test" finished-at="2024-11-08T09:50:15 IST" duration-ms="112998">
      <class name="testRunner.TestRunner">
        <test-method is-config="true" signature="setUpClass(org.testng.ITestContext)[pri:0, instance:testRunner.TestRunner@b9b00e0]" started-at="2024-11-08T09:48:22 IST" name="setUpClass" finished-at="2024-11-08T09:48:22 IST" duration-ms="776" status="PASS">
          <params>
            <param index="0">
              <value>
                <![CDATA[org.testng.TestRunner@1d5bb5c]]>
              </value>
            </param>
          </params>
          <reporter-output>
          </reporter-output>
        </test-method> <!-- setUpClass -->
        <test-method signature="runScenario(io.cucumber.testng.PickleWrapper,io.cucumber.testng.FeatureWrapper)[pri:0, instance:testRunner.TestRunner@b9b00e0]" started-at="2024-11-08T09:48:22 IST" name="runScenario" description="Runs Cucumber Scenarios" data-provider="scenarios" finished-at="2024-11-08T09:49:40 IST" duration-ms="77113" status="PASS">
          <params>
            <param index="0">
              <value>
                <![CDATA["View upcoming Honda bikes under 4Lac on ZigWheels"]]>
              </value>
            </param>
            <param index="1">
              <value>
                <![CDATA["Display upcoming Honda bikes under 4Lac in India on ZigWheels"]]>
              </value>
            </param>
          </params>
          <reporter-output>
          </reporter-output>
        </test-method> <!-- runScenario -->
        <test-method signature="runScenario(io.cucumber.testng.PickleWrapper,io.cucumber.testng.FeatureWrapper)[pri:0, instance:testRunner.TestRunner@b9b00e0]" started-at="2024-11-08T09:49:40 IST" name="runScenario" description="Runs Cucumber Scenarios" data-provider="scenarios" finished-at="2024-11-08T09:49:54 IST" duration-ms="14531" status="PASS">
          <params>
            <param index="0">
              <value>
                <![CDATA["View popular used car models in Chennai"]]>
              </value>
            </param>
            <param index="1">
              <value>
                <![CDATA["Display popular used car models in Chennai"]]>
              </value>
            </param>
          </params>
          <reporter-output>
          </reporter-output>
        </test-method> <!-- runScenario -->
        <test-method signature="runScenario(io.cucumber.testng.PickleWrapper,io.cucumber.testng.FeatureWrapper)[pri:0, instance:testRunner.TestRunner@b9b00e0]" started-at="2024-11-08T09:49:54 IST" name="runScenario" description="Runs Cucumber Scenarios" data-provider="scenarios" finished-at="2024-11-08T09:50:11 IST" duration-ms="17220" status="PASS">
          <params>
            <param index="0">
              <value>
                <![CDATA["Login with invalid Google account details"]]>
              </value>
            </param>
            <param index="1">
              <value>
                <![CDATA["Google Login"]]>
              </value>
            </param>
          </params>
          <reporter-output>
          </reporter-output>
        </test-method> <!-- runScenario -->
        <test-method is-config="true" signature="tearDownClass()[pri:0, instance:testRunner.TestRunner@b9b00e0]" started-at="2024-11-08T09:50:11 IST" name="tearDownClass" finished-at="2024-11-08T09:50:15 IST" duration-ms="3332" status="PASS">
          <reporter-output>
          </reporter-output>
        </test-method> <!-- tearDownClass -->
      </class> <!-- testRunner.TestRunner -->
    </test> <!-- Default test -->
  </suite> <!-- Default suite -->
</testng-results>
